# JRE version: Java(TM) SE Runtime Environment (8.0_45-b14) (build 1.8.0_45-b14)
# Java VM: Java HotSpot(TM) Client VM (25.45-b02 mixed mode, sharing windows-x86 )
Heap:
 def new generation   total 9664K, used 8368K [0x03c00000, 0x04670000, 0x09150000)
  eden space 8640K,  85% used [0x03c00000, 0x0432c298, 0x04470000)
  from space 1024K, 100% used [0x04470000, 0x04570000, 0x04570000)
  to   space 1024K,   0% used [0x04570000, 0x04570000, 0x04670000)
 tenured generation   total 21228K, used 14846K [0x09150000, 0x0a60b000, 0x13c00000)
   the space 21228K,  69% used [0x09150000, 0x09fcfa68, 0x09fcfc00, 0x0a60b000)
 Metaspace       used 6909K, capacity 7132K, committed 7168K, reserved 7552K
GC Heap History (10 events):
Event: 8.892 GC heap before
{Heap before GC invocations=12 (full 0):
 def new generation   total 4928K, used 4514K [0x03c00000, 0x04150000, 0x09150000)
  eden space 4416K, 100% used [0x03c00000, 0x04050000, 0x04050000)
  from space 512K,  19% used [0x04050000, 0x04068b10, 0x040d0000)
  to   space 512K,   0% used [0x040d0000, 0x040d0000, 0x04150000)
 tenured generation   total 10944K, used 10235K [0x09150000, 0x09c00000, 0x13c00000)
   the space 10944K,  93% used [0x09150000, 0x09b4efa8, 0x09b4f000, 0x09c00000)
 Metaspace       used 5861K, capacity 6073K, committed 6144K, reserved 6528K
Event: 8.897 GC heap after
Heap after GC invocations=13 (full 0):
 def new generation   total 4928K, used 404K [0x03c00000, 0x04150000, 0x09150000)
  eden space 4416K,   0% used [0x03c00000, 0x03c00000, 0x04050000)
  from space 512K,  79% used [0x040d0000, 0x04135310, 0x04150000)
  to   space 512K,   0% used [0x04050000, 0x04050000, 0x040d0000)
 tenured generation   total 10944K, used 10235K [0x09150000, 0x09c00000, 0x13c00000)
   the space 10944K,  93% used [0x09150000, 0x09b4efa8, 0x09b4f000, 0x09c00000)
 Metaspace       used 5861K, capacity 6073K, committed 6144K, reserved 6528K
}
Event: 9.664 GC heap before
{Heap before GC invocations=13 (full 0):
 def new generation   total 4928K, used 2087K [0x03c00000, 0x04150000, 0x09150000)
  eden space 4416K,  38% used [0x03c00000, 0x03da4b60, 0x04050000)
  from space 512K,  79% used [0x040d0000, 0x04135310, 0x04150000)
  to   space 512K,   0% used [0x04050000, 0x04050000, 0x040d0000)
 tenured generation   total 10944K, used 10235K [0x09150000, 0x09c00000, 0x13c00000)
   the space 10944K,  93% used [0x09150000, 0x09b4efa8, 0x09b4f000, 0x09c00000)
 Metaspace       used 6094K, capacity 6299K, committed 6400K, reserved 6528K
Event: 9.668 GC heap after
Heap after GC invocations=14 (full 0):
 def new generation   total 4928K, used 511K [0x03c00000, 0x04150000, 0x09150000)
  eden space 4416K,   0% used [0x03c00000, 0x03c00000, 0x04050000)
  from space 512K,  99% used [0x04050000, 0x040cfcf8, 0x040d0000)
  to   space 512K,   0% used [0x040d0000, 0x040d0000, 0x04150000)
 tenured generation   total 10944K, used 10583K [0x09150000, 0x09c00000, 0x13c00000)
   the space 10944K,  96% used [0x09150000, 0x09ba5e50, 0x09ba6000, 0x09c00000)
 Metaspace       used 6094K, capacity 6299K, committed 6400K, reserved 6528K
}
Event: 12.544 GC heap before
{Heap before GC invocations=14 (full 0):
 def new generation   total 4928K, used 4927K [0x03c00000, 0x04150000, 0x09150000)
  eden space 4416K, 100% used [0x03c00000, 0x04050000, 0x04050000)
  from space 512K,  99% used [0x04050000, 0x040cfcf8, 0x040d0000)
  to   space 512K,   0% used [0x040d0000, 0x040d0000, 0x04150000)
 tenured generation   total 10944K, used 10583K [0x09150000, 0x09c00000, 0x13c00000)
   the space 10944K,  96% used [0x09150000, 0x09ba5e50, 0x09ba6000, 0x09c00000)
 Metaspace       used 6316K, capacity 6523K, committed 6528K, reserved 6528K
Event: 12.576 GC heap after
Heap after GC invocations=15 (full 1):
 def new generation   total 9664K, used 0K [0x03c00000, 0x04670000, 0x09150000)
  eden space 8640K,   0% used [0x03c00000, 0x03c00000, 0x04470000)
  from space 1024K,   0% used [0x04470000, 0x04470000, 0x04570000)
  to   space 1024K,   0% used [0x04570000, 0x04570000, 0x04670000)
 tenured generation   total 21228K, used 12735K [0x09150000, 0x0a60b000, 0x13c00000)
   the space 21228K,  59% used [0x09150000, 0x09dbfed0, 0x09dc0000, 0x0a60b000)
 Metaspace       used 6316K, capacity 6523K, committed 6528K, reserved 6528K
}
Event: 35.790 GC heap before
{Heap before GC invocations=15 (full 1):
 def new generation   total 9664K, used 8640K [0x03c00000, 0x04670000, 0x09150000)
  eden space 8640K, 100% used [0x03c00000, 0x04470000, 0x04470000)
  from space 1024K,   0% used [0x04470000, 0x04470000, 0x04570000)
  to   space 1024K,   0% used [0x04570000, 0x04570000, 0x04670000)
 tenured generation   total 21228K, used 12735K [0x09150000, 0x0a60b000, 0x13c00000)
   the space 21228K,  59% used [0x09150000, 0x09dbfed0, 0x09dc0000, 0x0a60b000)
 Metaspace       used 6704K, capacity 6935K, committed 7040K, reserved 7552K
Event: 35.795 GC heap after
Heap after GC invocations=16 (full 1):
 def new generation   total 9664K, used 580K [0x03c00000, 0x04670000, 0x09150000)
  eden space 8640K,   0% used [0x03c00000, 0x03c00000, 0x04470000)
  from space 1024K,  56% used [0x04570000, 0x046011d8, 0x04670000)
  to   space 1024K,   0% used [0x04470000, 0x04470000, 0x04570000)
 tenured generation   total 21228K, used 14003K [0x09150000, 0x0a60b000, 0x13c00000)
   the space 21228K,  65% used [0x09150000, 0x09efce18, 0x09efd000, 0x0a60b000)
 Metaspace       used 6704K, capacity 6935K, committed 7040K, reserved 7552K
}
Event: 63.196 GC heap before
{Heap before GC invocations=16 (full 1):
 def new generation   total 9664K, used 9220K [0x03c00000, 0x04670000, 0x09150000)
  eden space 8640K, 100% used [0x03c00000, 0x04470000, 0x04470000)
  from space 1024K,  56% used [0x04570000, 0x046011d8, 0x04670000)
  to   space 1024K,   0% used [0x04470000, 0x04470000, 0x04570000)
 tenured generation   total 21228K, used 14003K [0x09150000, 0x0a60b000, 0x13c00000)
   the space 21228K,  65% used [0x09150000, 0x09efce18, 0x09efd000, 0x0a60b000)
 Metaspace       used 6783K, capacity 6999K, committed 7040K, reserved 7552K
Event: 63.201 GC heap after
Heap after GC invocations=17 (full 1):
 def new generation   total 9664K, used 1024K [0x03c00000, 0x04670000, 0x09150000)
  eden space 8640K,   0% used [0x03c00000, 0x03c00000, 0x04470000)
  from space 1024K, 100% used [0x04470000, 0x04570000, 0x04570000)
  to   space 1024K,   0% used [0x04570000, 0x04570000, 0x04670000)
 tenured generation   total 21228K, used 14846K [0x09150000, 0x0a60b000, 0x13c00000)
   the space 21228K,  69% used [0x09150000, 0x09fcfa68, 0x09fcfc00, 0x0a60b000)
 Metaspace       used 6783K, capacity 6999K, committed 7040K, reserved 7552K
}

